<?xml version="1.0" encoding="UTF-8"?>
<!-- Generated by org.testng.reporters.JUnitReportReporter -->
<testsuite hostname="Lenovo" failures="0" tests="3" name="CUS.TC03_CUS_Auth_SendOTP" time="16.094" errors="0" timestamp="2021-03-12T08:03:15 PST" skipped="0">
  <testcase classname="CUS.TC03_CUS_Auth_SendOTP" name="BeforeTest_LaunchURI" time="5.156"/>
  <system-out/>
  <testcase classname="CUS.TC03_CUS_Auth_SendOTP" name="Test_SendOTP" time="0.501"/>
  <system-out/>
  <testcase classname="CUS.TC03_CUS_Auth_SendOTP" name="Save_ResponseData" time="10.437"/>
  <system-out/>
</testsuite> <!-- CUS.TC03_CUS_Auth_SendOTP -->
