<?xml version="1.0" encoding="UTF-8"?>
<!-- Generated by org.testng.reporters.JUnitReportReporter -->
<testsuite hostname="Lenovo" failures="0" tests="3" name="TNT.TC03_TNT_Auth_SendOTP" time="20.220" errors="0" timestamp="2021-03-18T10:25:52 PDT" skipped="0">
  <testcase classname="TNT.TC03_TNT_Auth_SendOTP" name="BeforeTest_LaunchURI" time="7.241"/>
  <system-out/>
  <testcase classname="TNT.TC03_TNT_Auth_SendOTP" name="Test_SendOTP" time="1.289"/>
  <system-out/>
  <testcase classname="TNT.TC03_TNT_Auth_SendOTP" name="Save_ResponseData" time="11.690"/>
  <system-out/>
</testsuite> <!-- TNT.TC03_TNT_Auth_SendOTP -->
