<?xml version="1.0" encoding="UTF-8"?>
<!-- Generated by org.testng.reporters.JUnitReportReporter -->
<testsuite hostname="Lenovo" failures="0" tests="2" name="TNT.TC03_Auth_SendOTP" time="6.470" errors="0" timestamp="2021-03-08T09:55:48 GMT-08:00" skipped="0">
  <testcase classname="TNT.TC03_Auth_SendOTP" name="Test_SendOTP" time="0.251"/>
  <system-out/>
  <testcase classname="TNT.TC03_Auth_SendOTP" name="Save_ResponseData" time="6.219"/>
  <system-out/>
</testsuite> <!-- TNT.TC03_Auth_SendOTP -->
