<?xml version="1.0" encoding="UTF-8"?>
<!-- Generated by org.testng.reporters.JUnitReportReporter -->
<testsuite hostname="Lenovo" failures="0" tests="2" name="TNT.TC03_SendOTP" time="6.398" errors="0" timestamp="2021-03-08T09:29:38 GMT-08:00" skipped="0">
  <testcase classname="TNT.TC03_SendOTP" name="Test_SendOTP" time="0.202"/>
  <system-out/>
  <testcase classname="TNT.TC03_SendOTP" name="Save_ResponseData" time="6.196"/>
  <system-out/>
</testsuite> <!-- TNT.TC03_SendOTP -->
