<?xml version="1.0" encoding="UTF-8"?>
<!-- Generated by org.testng.reporters.JUnitReportReporter -->
<testsuite hostname="Lenovo" failures="0" tests="3" name="TNT.TC02_TNT_Auth_ValidateOTP" time="13.015" errors="0" timestamp="2021-03-18T10:25:16 PDT" skipped="0">
  <testcase classname="TNT.TC02_TNT_Auth_ValidateOTP" name="BeforeTest_LaunchURI" time="5.241"/>
  <system-out/>
  <testcase classname="TNT.TC02_TNT_Auth_ValidateOTP" name="Test_ValidateOTP" time="1.248"/>
  <system-out/>
  <testcase classname="TNT.TC02_TNT_Auth_ValidateOTP" name="Save_ResponseData" time="6.526"/>
  <system-out/>
</testsuite> <!-- TNT.TC02_TNT_Auth_ValidateOTP -->
