<?xml version="1.0" encoding="UTF-8"?>
<!-- Generated by org.testng.reporters.JUnitReportReporter -->
<testsuite hostname="Lenovo" failures="0" tests="3" name="CUS.TC02_CUS_Auth_ValidateOTP" time="9.571" errors="0" timestamp="2021-03-12T08:03:15 PST" skipped="0">
  <testcase classname="CUS.TC02_CUS_Auth_ValidateOTP" name="BeforeTest_LaunchURI" time="3.083"/>
  <system-out/>
  <testcase classname="CUS.TC02_CUS_Auth_ValidateOTP" name="Test_ValidateOTP" time="1.109"/>
  <system-out/>
  <testcase classname="CUS.TC02_CUS_Auth_ValidateOTP" name="Save_ResponseData" time="5.379"/>
  <system-out/>
</testsuite> <!-- CUS.TC02_CUS_Auth_ValidateOTP -->
