<?xml version="1.0" encoding="UTF-8"?>
<!-- Generated by org.testng.reporters.JUnitReportReporter -->
<testsuite hostname="Lenovo" failures="0" tests="1" name="CUS.TC01_CUS_Auth" time="1.416" errors="0" timestamp="2021-03-10T21:57:21 PST" skipped="0">
  <testcase classname="CUS.TC01_CUS_Auth" name="Test_SignUp" time="1.416"/>
  <system-out/>
</testsuite> <!-- CUS.TC01_CUS_Auth -->
