<?xml version="1.0" encoding="UTF-8"?>
<!-- Generated by org.testng.reporters.JUnitReportReporter -->
<testsuite hostname="Lenovo" failures="0" tests="3" name="CUS.TC01_CUS_Auth_SignUp" time="19.144" errors="0" timestamp="2021-03-12T08:03:15 PST" skipped="0">
  <testcase classname="CUS.TC01_CUS_Auth_SignUp" name="BeforeTest_LaunchURI" time="5.262"/>
  <system-out/>
  <testcase classname="CUS.TC01_CUS_Auth_SignUp" name="Test_SignUp" time="1.947"/>
  <system-out/>
  <testcase classname="CUS.TC01_CUS_Auth_SignUp" name="Save_ResponseData" time="11.935"/>
  <system-out/>
</testsuite> <!-- CUS.TC01_CUS_Auth_SignUp -->
