<?xml version="1.0" encoding="UTF-8"?>
<!-- Generated by org.testng.reporters.JUnitReportReporter -->
<testsuite hostname="Lenovo" failures="0" tests="3" name="TNT.TC01_TNT_Auth_SignUp" time="18.853" errors="0" timestamp="2021-03-18T10:24:35 PDT" skipped="0">
  <testcase classname="TNT.TC01_TNT_Auth_SignUp" name="BeforeTest_LaunchURI" time="5.155"/>
  <system-out/>
  <testcase classname="TNT.TC01_TNT_Auth_SignUp" name="Test_SignUp" time="1.887"/>
  <system-out/>
  <testcase classname="TNT.TC01_TNT_Auth_SignUp" name="Save_ResponseData" time="11.811"/>
  <system-out/>
</testsuite> <!-- TNT.TC01_TNT_Auth_SignUp -->
