<?xml version="1.0" encoding="UTF-8"?>
<!-- Generated by org.testng.reporters.JUnitReportReporter -->
<testsuite hostname="Lenovo" failures="0" tests="1" name="CUS.TC03_CUS_Auth" time="0.215" errors="0" timestamp="2021-03-10T21:57:21 PST" skipped="0">
  <testcase classname="CUS.TC03_CUS_Auth" name="Test_SendOTP" time="0.215"/>
  <system-out/>
</testsuite> <!-- CUS.TC03_CUS_Auth -->
