<?xml version="1.0" encoding="UTF-8"?>
<!-- Generated by org.testng.reporters.JUnitReportReporter -->
<testsuite hostname="Lenovo" failures="0" tests="1" name="TNT.Testing" time="4.038" errors="0" timestamp="2021-03-08T01:56:34 GMT-08:00" skipped="0">
  <testcase classname="TNT.Testing" name="test" time="4.038"/>
  <system-out/>
</testsuite> <!-- TNT.Testing -->
