<?xml version="1.0" encoding="UTF-8"?>
<!-- Generated by org.testng.reporters.JUnitReportReporter -->
<testsuite hostname="Lenovo" failures="0" tests="2" name="TNT.TC02_ValidateOTP" time="3.358" errors="0" timestamp="2021-03-08T09:29:38 GMT-08:00" skipped="0">
  <testcase classname="TNT.TC02_ValidateOTP" name="Test_ValidateOTP" time="0.219"/>
  <system-out/>
  <testcase classname="TNT.TC02_ValidateOTP" name="Save_ResponseData" time="3.139"/>
  <system-out/>
</testsuite> <!-- TNT.TC02_ValidateOTP -->
