<?xml version="1.0" encoding="UTF-8"?>
<!-- Generated by org.testng.reporters.JUnitReportReporter -->
<testsuite hostname="Lenovo" failures="0" tests="2" name="TNT.TC01_SignUp" time="8.698" errors="0" timestamp="2021-03-08T09:29:38 GMT-08:00" skipped="0">
  <testcase classname="TNT.TC01_SignUp" name="Test_SignUp" time="1.569"/>
  <system-out/>
  <testcase classname="TNT.TC01_SignUp" name="Save_ResponseData" time="7.129"/>
  <system-out/>
</testsuite> <!-- TNT.TC01_SignUp -->
